Determining if the pthread_create exist failed with the following output:
Change Dir: /home/starsky/stealingfire/ws/wiredbot_ws/src/rosserial_arduino/cmake-build-debug/CMakeFiles/CMakeTmp

Run Build Command:"/usr/bin/make" "cmTC_0af8c/fast"
/usr/bin/make -f CMakeFiles/cmTC_0af8c.dir/build.make CMakeFiles/cmTC_0af8c.dir/build
make[1]: Entering directory '/home/starsky/stealingfire/ws/wiredbot_ws/src/rosserial_arduino/cmake-build-debug/CMakeFiles/CMakeTmp'
Building C object CMakeFiles/cmTC_0af8c.dir/CheckSymbolExists.c.o
/usr/bin/cc    -o CMakeFiles/cmTC_0af8c.dir/CheckSymbolExists.c.o   -c /home/starsky/stealingfire/ws/wiredbot_ws/src/rosserial_arduino/cmake-build-debug/CMakeFiles/CMakeTmp/CheckSymbolExists.c
Linking C executable cmTC_0af8c
/snap/clion/61/bin/cmake/linux/bin/cmake -E cmake_link_script CMakeFiles/cmTC_0af8c.dir/link.txt --verbose=1
/usr/bin/cc      -rdynamic CMakeFiles/cmTC_0af8c.dir/CheckSymbolExists.c.o  -o cmTC_0af8c 
CMakeFiles/cmTC_0af8c.dir/CheckSymbolExists.c.o: In function `main':
CheckSymbolExists.c:(.text+0x16): undefined reference to `pthread_create'
collect2: error: ld returned 1 exit status
CMakeFiles/cmTC_0af8c.dir/build.make:86: recipe for target 'cmTC_0af8c' failed
make[1]: *** [cmTC_0af8c] Error 1
make[1]: Leaving directory '/home/starsky/stealingfire/ws/wiredbot_ws/src/rosserial_arduino/cmake-build-debug/CMakeFiles/CMakeTmp'
Makefile:121: recipe for target 'cmTC_0af8c/fast' failed
make: *** [cmTC_0af8c/fast] Error 2

File /home/starsky/stealingfire/ws/wiredbot_ws/src/rosserial_arduino/cmake-build-debug/CMakeFiles/CMakeTmp/CheckSymbolExists.c:
/* */
#include <pthread.h>

int main(int argc, char** argv)
{
  (void)argv;
#ifndef pthread_create
  return ((int*)(&pthread_create))[argc];
#else
  (void)argc;
  return 0;
#endif
}

Determining if the function pthread_create exists in the pthreads failed with the following output:
Change Dir: /home/starsky/stealingfire/ws/wiredbot_ws/src/rosserial_arduino/cmake-build-debug/CMakeFiles/CMakeTmp

Run Build Command:"/usr/bin/make" "cmTC_526cc/fast"
/usr/bin/make -f CMakeFiles/cmTC_526cc.dir/build.make CMakeFiles/cmTC_526cc.dir/build
make[1]: Entering directory '/home/starsky/stealingfire/ws/wiredbot_ws/src/rosserial_arduino/cmake-build-debug/CMakeFiles/CMakeTmp'
Building C object CMakeFiles/cmTC_526cc.dir/CheckFunctionExists.c.o
/usr/bin/cc   -DCHECK_FUNCTION_EXISTS=pthread_create   -o CMakeFiles/cmTC_526cc.dir/CheckFunctionExists.c.o   -c /snap/clion/61/bin/cmake/linux/share/cmake-3.13/Modules/CheckFunctionExists.c
Linking C executable cmTC_526cc
/snap/clion/61/bin/cmake/linux/bin/cmake -E cmake_link_script CMakeFiles/cmTC_526cc.dir/link.txt --verbose=1
/usr/bin/cc  -DCHECK_FUNCTION_EXISTS=pthread_create    -rdynamic CMakeFiles/cmTC_526cc.dir/CheckFunctionExists.c.o  -o cmTC_526cc -lpthreads 
/usr/bin/ld: cannot find -lpthreads
collect2: error: ld returned 1 exit status
CMakeFiles/cmTC_526cc.dir/build.make:86: recipe for target 'cmTC_526cc' failed
make[1]: *** [cmTC_526cc] Error 1
make[1]: Leaving directory '/home/starsky/stealingfire/ws/wiredbot_ws/src/rosserial_arduino/cmake-build-debug/CMakeFiles/CMakeTmp'
Makefile:121: recipe for target 'cmTC_526cc/fast' failed
make: *** [cmTC_526cc/fast] Error 2


