Determining if the pthread_create exist failed with the following output:
Change Dir: /home/starsky/stealingfire/ws/wiredbot_ws/src/wiredbot_teleop/cmake-build-debug/CMakeFiles/CMakeTmp

Run Build Command:"/usr/bin/make" "cmTC_14eac/fast"
/usr/bin/make -f CMakeFiles/cmTC_14eac.dir/build.make CMakeFiles/cmTC_14eac.dir/build
make[1]: Entering directory '/home/starsky/stealingfire/ws/wiredbot_ws/src/wiredbot_teleop/cmake-build-debug/CMakeFiles/CMakeTmp'
Building C object CMakeFiles/cmTC_14eac.dir/CheckSymbolExists.c.o
/usr/bin/cc    -o CMakeFiles/cmTC_14eac.dir/CheckSymbolExists.c.o   -c /home/starsky/stealingfire/ws/wiredbot_ws/src/wiredbot_teleop/cmake-build-debug/CMakeFiles/CMakeTmp/CheckSymbolExists.c
Linking C executable cmTC_14eac
/snap/clion/61/bin/cmake/linux/bin/cmake -E cmake_link_script CMakeFiles/cmTC_14eac.dir/link.txt --verbose=1
/usr/bin/cc      -rdynamic CMakeFiles/cmTC_14eac.dir/CheckSymbolExists.c.o  -o cmTC_14eac 
CMakeFiles/cmTC_14eac.dir/CheckSymbolExists.c.o: In function `main':
CheckSymbolExists.c:(.text+0x16): undefined reference to `pthread_create'
collect2: error: ld returned 1 exit status
CMakeFiles/cmTC_14eac.dir/build.make:86: recipe for target 'cmTC_14eac' failed
make[1]: *** [cmTC_14eac] Error 1
make[1]: Leaving directory '/home/starsky/stealingfire/ws/wiredbot_ws/src/wiredbot_teleop/cmake-build-debug/CMakeFiles/CMakeTmp'
Makefile:121: recipe for target 'cmTC_14eac/fast' failed
make: *** [cmTC_14eac/fast] Error 2

File /home/starsky/stealingfire/ws/wiredbot_ws/src/wiredbot_teleop/cmake-build-debug/CMakeFiles/CMakeTmp/CheckSymbolExists.c:
/* */
#include <pthread.h>

int main(int argc, char** argv)
{
  (void)argv;
#ifndef pthread_create
  return ((int*)(&pthread_create))[argc];
#else
  (void)argc;
  return 0;
#endif
}

Determining if the function pthread_create exists in the pthreads failed with the following output:
Change Dir: /home/starsky/stealingfire/ws/wiredbot_ws/src/wiredbot_teleop/cmake-build-debug/CMakeFiles/CMakeTmp

Run Build Command:"/usr/bin/make" "cmTC_192fa/fast"
/usr/bin/make -f CMakeFiles/cmTC_192fa.dir/build.make CMakeFiles/cmTC_192fa.dir/build
make[1]: Entering directory '/home/starsky/stealingfire/ws/wiredbot_ws/src/wiredbot_teleop/cmake-build-debug/CMakeFiles/CMakeTmp'
Building C object CMakeFiles/cmTC_192fa.dir/CheckFunctionExists.c.o
/usr/bin/cc   -DCHECK_FUNCTION_EXISTS=pthread_create   -o CMakeFiles/cmTC_192fa.dir/CheckFunctionExists.c.o   -c /snap/clion/61/bin/cmake/linux/share/cmake-3.13/Modules/CheckFunctionExists.c
Linking C executable cmTC_192fa
/snap/clion/61/bin/cmake/linux/bin/cmake -E cmake_link_script CMakeFiles/cmTC_192fa.dir/link.txt --verbose=1
/usr/bin/cc  -DCHECK_FUNCTION_EXISTS=pthread_create    -rdynamic CMakeFiles/cmTC_192fa.dir/CheckFunctionExists.c.o  -o cmTC_192fa -lpthreads 
/usr/bin/ld: cannot find -lpthreads
collect2: error: ld returned 1 exit status
CMakeFiles/cmTC_192fa.dir/build.make:86: recipe for target 'cmTC_192fa' failed
make[1]: *** [cmTC_192fa] Error 1
make[1]: Leaving directory '/home/starsky/stealingfire/ws/wiredbot_ws/src/wiredbot_teleop/cmake-build-debug/CMakeFiles/CMakeTmp'
Makefile:121: recipe for target 'cmTC_192fa/fast' failed
make: *** [cmTC_192fa/fast] Error 2


